<?xml version="1.0" encoding="UTF-8"?>
<testng-results ignored="0" total="1" passed="1" failed="0" skipped="0">
  <reporter-output>
  </reporter-output>
  <suite started-at="2024-05-13T15:39:27 BDT" name="Default suite" finished-at="2024-05-13T15:40:22 BDT" duration-ms="54720">
    <groups>
    </groups>
    <test started-at="2024-05-13T15:39:27 BDT" name="Default test" finished-at="2024-05-13T15:40:22 BDT" duration-ms="54720">
      <class name="com.selenium.othoba.Login">
        <test-method is-config="true" signature="start()[pri:0, instance:com.selenium.othoba.Login@738dc9b]" started-at="2024-05-13T15:39:25 BDT" name="start" finished-at="2024-05-13T15:39:27 BDT" duration-ms="1625" status="PASS">
          <reporter-output>
          </reporter-output>
        </test-method> <!-- start -->
        <test-method signature="LoginTest()[pri:0, instance:com.selenium.othoba.Login@738dc9b]" started-at="2024-05-13T15:39:27 BDT" name="LoginTest" finished-at="2024-05-13T15:40:22 BDT" duration-ms="54685" status="PASS">
          <reporter-output>
          </reporter-output>
        </test-method> <!-- LoginTest -->
        <test-method is-config="true" signature="close()[pri:0, instance:com.selenium.othoba.Login@738dc9b]" started-at="2024-05-13T15:40:22 BDT" name="close" finished-at="2024-05-13T15:40:22 BDT" duration-ms="206" status="PASS">
          <reporter-output>
          </reporter-output>
        </test-method> <!-- close -->
      </class> <!-- com.selenium.othoba.Login -->
    </test> <!-- Default test -->
  </suite> <!-- Default suite -->
</testng-results>
